<?xml version="1.0" encoding="UTF-8"?>
<testng-results skipped="0" failed="0" total="4" passed="4">
  <reporter-output>
  </reporter-output>
  <suite name="Suite" duration-ms="30375" started-at="2018-08-11T18:21:18Z" finished-at="2018-08-11T18:21:48Z">
    <groups>
    </groups>
    <test name="Validate login" duration-ms="13976" started-at="2018-08-11T18:21:18Z" finished-at="2018-08-11T18:21:32Z">
      <class name="RappE2E.HomePage">
        <test-method status="PASS" signature="initialize()[pri:0, instance:RappE2E.HomePage@384ad17b]" name="initialize" is-config="true" duration-ms="6528" started-at="2018-08-11T19:21:18Z" finished-at="2018-08-11T19:21:25Z">
          <reporter-output>
          </reporter-output>
        </test-method> <!-- initialize -->
        <test-method status="PASS" signature="loginPage(java.lang.String, java.lang.String)[pri:0, instance:RappE2E.HomePage@384ad17b]" name="loginPage" duration-ms="2654" started-at="2018-08-11T19:21:25Z" data-provider="getData" finished-at="2018-08-11T19:21:27Z">
          <params>
            <param index="0">
              <value>
                <![CDATA[nonrestricteduser@qw.com]]>
              </value>
            </param>
            <param index="1">
              <value>
                <![CDATA[123456]]>
              </value>
            </param>
          </params>
          <reporter-output>
          </reporter-output>
        </test-method> <!-- loginPage -->
        <test-method status="PASS" signature="loginPage(java.lang.String, java.lang.String)[pri:0, instance:RappE2E.HomePage@384ad17b]" name="loginPage" duration-ms="2374" started-at="2018-08-11T19:21:27Z" data-provider="getData" finished-at="2018-08-11T19:21:30Z">
          <params>
            <param index="0">
              <value>
                <![CDATA[restricteduser@qw.com]]>
              </value>
            </param>
            <param index="1">
              <value>
                <![CDATA[456788]]>
              </value>
            </param>
          </params>
          <reporter-output>
          </reporter-output>
        </test-method> <!-- loginPage -->
        <test-method status="PASS" signature="teardown()[pri:0, instance:RappE2E.HomePage@384ad17b]" name="teardown" is-config="true" duration-ms="2393" started-at="2018-08-11T19:21:30Z" finished-at="2018-08-11T19:21:32Z">
          <reporter-output>
          </reporter-output>
        </test-method> <!-- teardown -->
      </class> <!-- RappE2E.HomePage -->
    </test> <!-- Validate login -->
    <test name="Validating NavBar" duration-ms="8240" started-at="2018-08-11T18:21:32Z" finished-at="2018-08-11T18:21:40Z">
      <class name="RappE2E.ValidateNavigationBar">
        <test-method status="PASS" signature="initialize()[pri:0, instance:RappE2E.ValidateNavigationBar@4466af20]" name="initialize" is-config="true" duration-ms="6026" started-at="2018-08-11T19:21:32Z" finished-at="2018-08-11T19:21:38Z">
          <reporter-output>
          </reporter-output>
        </test-method> <!-- initialize -->
        <test-method status="PASS" signature="validateAppNavBar()[pri:0, instance:RappE2E.ValidateNavigationBar@4466af20]" name="validateAppNavBar" duration-ms="62" started-at="2018-08-11T19:21:38Z" finished-at="2018-08-11T19:21:38Z">
          <reporter-output>
          </reporter-output>
        </test-method> <!-- validateAppNavBar -->
        <test-method status="PASS" signature="teardown()[pri:0, instance:RappE2E.ValidateNavigationBar@4466af20]" name="teardown" is-config="true" duration-ms="2150" started-at="2018-08-11T19:21:38Z" finished-at="2018-08-11T19:21:40Z">
          <reporter-output>
          </reporter-output>
        </test-method> <!-- teardown -->
      </class> <!-- RappE2E.ValidateNavigationBar -->
    </test> <!-- Validating NavBar -->
    <test name="Validating Title" duration-ms="8030" started-at="2018-08-11T18:21:40Z" finished-at="2018-08-11T18:21:48Z">
      <class name="RappE2E.ValidateTitle">
        <test-method status="PASS" signature="initialize()[pri:0, instance:RappE2E.ValidateTitle@7b9a4292]" name="initialize" is-config="true" duration-ms="5804" started-at="2018-08-11T19:21:40Z" finished-at="2018-08-11T19:21:46Z">
          <reporter-output>
          </reporter-output>
        </test-method> <!-- initialize -->
        <test-method status="PASS" signature="validateAppTitle()[pri:0, instance:RappE2E.ValidateTitle@7b9a4292]" name="validateAppTitle" duration-ms="42" started-at="2018-08-11T19:21:46Z" finished-at="2018-08-11T19:21:46Z">
          <reporter-output>
          </reporter-output>
        </test-method> <!-- validateAppTitle -->
        <test-method status="PASS" signature="teardown()[pri:0, instance:RappE2E.ValidateTitle@7b9a4292]" name="teardown" is-config="true" duration-ms="2184" started-at="2018-08-11T19:21:46Z" finished-at="2018-08-11T19:21:48Z">
          <reporter-output>
          </reporter-output>
        </test-method> <!-- teardown -->
      </class> <!-- RappE2E.ValidateTitle -->
    </test> <!-- Validating Title -->
  </suite> <!-- Suite -->
</testng-results>
