<?xml version="1.0" encoding="UTF-8"?>
<testng-results skipped="0" failed="0" ignored="0" total="1" passed="1">
  <reporter-output>
  </reporter-output>
  <suite name="Default suite" duration-ms="8934" started-at="2018-08-11T16:55:37Z" finished-at="2018-08-11T16:55:46Z">
    <groups>
    </groups>
    <test name="Default test" duration-ms="8934" started-at="2018-08-11T16:55:37Z" finished-at="2018-08-11T16:55:46Z">
      <class name="RappE2E.ValidateTitle">
        <test-method status="PASS" signature="initialize()[pri:0, instance:RappE2E.ValidateTitle@38d8f54a]" name="initialize" is-config="true" duration-ms="6642" started-at="2018-08-11T16:55:37Z" finished-at="2018-08-11T16:55:44Z">
          <reporter-output>
          </reporter-output>
        </test-method> <!-- initialize -->
        <test-method status="PASS" signature="validateAppTitle()[pri:0, instance:RappE2E.ValidateTitle@38d8f54a]" name="validateAppTitle" duration-ms="82" started-at="2018-08-11T16:55:44Z" finished-at="2018-08-11T16:55:44Z">
          <reporter-output>
          </reporter-output>
        </test-method> <!-- validateAppTitle -->
        <test-method status="PASS" signature="teardown()[pri:0, instance:RappE2E.ValidateTitle@38d8f54a]" name="teardown" is-config="true" duration-ms="2154" started-at="2018-08-11T16:55:44Z" finished-at="2018-08-11T16:55:46Z">
          <reporter-output>
          </reporter-output>
        </test-method> <!-- teardown -->
      </class> <!-- RappE2E.ValidateTitle -->
    </test> <!-- Default test -->
  </suite> <!-- Default suite -->
</testng-results>
